<?xml version="1.0" encoding="UTF-8"?>
<testng-results skipped="0" failed="0" ignored="0" total="1" passed="1">
  <reporter-output>
  </reporter-output>
  <suite name="Default suite" duration-ms="16036" started-at="2018-06-26T17:37:09Z" finished-at="2018-06-26T17:37:25Z">
    <groups>
    </groups>
    <test name="Default test" duration-ms="16036" started-at="2018-06-26T17:37:09Z" finished-at="2018-06-26T17:37:25Z">
      <class name="com.mockaroo.MockarooDataValidation">
        <test-method status="PASS" signature="setUp()[pri:0, instance:com.mockaroo.MockarooDataValidation@7d9d1a19]" name="setUp" is-config="true" duration-ms="6737" started-at="2018-06-26T17:37:09Z" finished-at="2018-06-26T17:37:16Z">
          <reporter-output>
          </reporter-output>
        </test-method> <!-- setUp -->
        <test-method status="PASS" signature="DataValidation()[pri:0, instance:com.mockaroo.MockarooDataValidation@7d9d1a19]" name="DataValidation" duration-ms="9273" started-at="2018-06-26T17:37:16Z" finished-at="2018-06-26T17:37:25Z">
          <reporter-output>
          </reporter-output>
        </test-method> <!-- DataValidation -->
      </class> <!-- com.mockaroo.MockarooDataValidation -->
    </test> <!-- Default test -->
  </suite> <!-- Default suite -->
</testng-results>
